<?xml version="1.0" encoding="UTF-8"?>
<testsuite name="com.walkme.codingtest.VerticleTest" tests="1" skipped="0" failures="0" errors="0" timestamp="2017-12-09T17:30:21" hostname="DESKTOP-14M1OQL" time="1.103">
  <properties/>
  <testcase name="testMyApplication" classname="com.walkme.codingtest.VerticleTest" time="1.103"/>
  <system-out><![CDATA[[ {
  "Id" : 1,
  "data" : {
    "data" : "some data 1"
  }
}, {
  "Id" : 2,
  "data" : {
    "data" : "some data 2"
  }
}, {
  "Id" : 3,
  "data" : {
    "data" : "some data 3"
  }
}, {
  "Id" : 4,
  "data" : {
    "data" : "some data 4"
  }
}, {
  "Id" : 5,
  "data" : {
    "data" : "some data 5"
  }
}, {
  "Id" : 6,
  "data" : {
    "data" : "some data 6"
  }
}, {
  "Id" : 7,
  "data" : {
    "data" : "some data 7"
  }
}, {
  "Id" : 8,
  "data" : {
    "data" : "some data 8"
  }
}, {
  "Id" : 9,
  "data" : {
    "data" : "some data 9"
  }
}, {
  "Id" : 11,
  "data" : {
    "data" : "some data 110"
  }
}, {
  "Id" : 12,
  "data" : {
    "data" : "some data 210"
  }
}, {
  "Id" : 13,
  "data" : {
    "data" : "some data 310"
  }
}, {
  "Id" : 14,
  "data" : {
    "data" : "some data 410"
  }
}, {
  "Id" : 15,
  "data" : {
    "data" : "some data 510"
  }

}, {
  "Id" : 16,
  "data" : {
    "data" : "some data 610"
  }
}, {
  "Id" : 401,
  "data" : {
    "data" : "some data 1400"
  }
}, {
  "Id" : 17,
  "data" : {
    "data" : "some data 710"
  }
}, {
  "Id" : 402,
  "data" : {
    "data" : "some data 2400"
  }
}, {
  "Id" : 18,
  "data" : {
    "data" : "some data 810"
  }
}, {
  "Id" : 403,
  "data" : {
    "data" : "some data 3400"
  }
}, {
  "Id" : 19,
  "data" : {
    "data" : "some data 910"
  }
}, {
  "Id" : 404,
  "data" : {
    "data" : "some data 4400"
  }
}, {
  "Id" : 405,
  "data" : {
    "data" : "some data 5400"
  }
}, {
  "Id" : 406,
  "data" : {
    "data" : "some data 6400"
  }
}, {
  "Id" : 407,
  "data" : {
    "data" : "some data 7400"
  }
}, {
  "Id" : 408,
  "data" : {
    "data" : "some data 8400"
  }
}, {
  "Id" : 409,
  "data" : {
    "data" : "some data 9400"
  }
}, {
  "Id" : 300,
  "data" : {
    "data" : "some data 0300"
  }
}, {
  "Id" : 301,
  "data" : {
 
   "data" : "some data 1300"
  }
}, {
  "Id" : 302,
  "data" : {
    "data" : "some data 2300"
  }
}, {
  "Id" : 303,
  "data" : {
    "data" : "some data 3300"
  }
}, {
  "Id" : 304,
  "data" : {
    "data" : "some data 4300"
  }
}, {
  "Id" : 305,
  "data" : {
    "data" : "some data 5300"
  }
}, {
  "Id" : 306,
  "data" : {
    "data" : "some data 6300"
  }
}, {
  "Id" : 307,
  "data" : {
    "data" : "some data 7300"
  }
}, {
  "Id" : 308,
  "data" : {
    "data" : "some data 8300"
  }
}, {
  "Id" : 309,
  "data" : {
    "data" : "some data 9300"
  }
}, {
  "Id" : 200,
  "data" : {
    "data" : "some data 0200"
  }
}, {
  "Id" : 201,
  "data" : {
    "data" : "some data 1200"
  }
}, {
  "Id" : 202,
  "data" : {
    "data" : "some data 2200"
  }
}, {
  "Id" : 203,
  "data" : {
    "data" : "some data 3200"
  }
}, {
  "Id" : 204,
  "data" : {
    "data" : "some data 4200"
  }
}, {
  "Id" : 205,
  "data" : {
    "data" : "some data 5200"

  }
}, {
  "Id" : 206,
  "data" : {
    "data" : "some data 6200"
  }
}, {
  "Id" : 207,
  "data" : {
    "data" : "some data 7200"
  }
}, {
  "Id" : 208,
  "data" : {
    "data" : "some data 8200"
  }
}, {
  "Id" : 209,
  "data" : {
    "data" : "some data 9200"
  }
}, {
  "Id" : 100,
  "data" : {
    "data" : "some data 100"
  }
}, {
  "Id" : 501,
  "data" : {
    "data" : "some data 1500"
  }
}, {
  "Id" : 502,
  "data" : {
    "data" : "some data 2500"
  }
}, {
  "Id" : 503,
  "data" : {
    "data" : "some data 3500"
  }
}, {
  "Id" : 504,
  "data" : {
    "data" : "some data 4500"
  }
}, {
  "Id" : 505,
  "data" : {
    "data" : "some data 5500"
  }
}, {
  "Id" : 506,
  "data" : {
    "data" : "some data 6500"
  }
}, {
  "Id" : 507,
  "data" : {
    "data" : "some data 7500"
  }
}, {
  "Id" : 508,
  "data" : {
    "data" : "some data 8500"
  }
}, {
  "Id" : 509,
  "data" : {
    "data" : "some data 9500"
  }
} ]
]]></system-out>
  <system-err><![CDATA[Dec 09, 2017 7:30:22 PM io.vertx.core.http.impl.HttpClientResponseImpl
SEVERE: java.lang.IllegalStateException: The Async complete method has been called more than 1 times, check your test.
Dec 09, 2017 7:30:22 PM io.vertx.core.http.impl.HttpClientResponseImpl
SEVERE: java.lang.IllegalStateException: The Async complete method has been called more than 1 times, check your test.
Dec 09, 2017 7:30:22 PM io.vertx.core.http.impl.HttpClientResponseImpl
SEVERE: java.lang.IllegalStateException: The Async complete method has been called more than 1 times, check your test.
]]></system-err>
</testsuite>
